[log] 2022-01-19 21:10:52 [ManagerDrivers] [Driver:RC250] [Device:02b4e352-fc85-457a-9a4d-4ac8716871cd] DEBUG:  RC250 {
  _events: [Object: null prototype] {
    __log: [Function],
    __error: [Function],
    __debug: [Function]
  },
  _eventsCount: 3,
  _maxListeners: undefined,
  homey: Homey {
    _events: [Object: null prototype] {
      __log: [Function],
      __error: [Function],
      __debug: [Function],
      unload: [Function]
    },
    _eventsCount: 4,
    _maxListeners: undefined,
    dir: '/',
    tmpdir: '/tmp',
    version: '7.2.1',
    env: {},
    manifest: {
      _comment: 'This file is generated. Please edit .homeycompose/app.json instead.',
      id: 'com.innr',
      name: [Object],
      description: [Object],
      homepage: 'https://www.innr.com',
      support: 'mailto:homey@innr.com',
      category: [Array],
      brandColor: '#e3004a',
      version: '2.1.13',
      compatibility: '>=5.0.0',
      platforms: [Array],
      sdk: 3,
      author: [Object],
      athomForumDiscussionId: 3882,
      contributors: [Object],
      contributing: [Object],
      'slack contact': [Object],
      images: [Object],
      flow: [Object],
      drivers: [Array]
    },
    app: INNRZigbeeApp {
      _events: [Object: null prototype],
      _eventsCount: 3,
      _maxListeners: undefined,
      homey: [Circular],
      manifest: [Object],
      id: 'com.innr',
      sdk: 3,
      actionStartDimLevelChange: [FlowCardAction],
      actionStopDimLevelChange: [FlowCardAction],
      [Symbol(kCapture)]: false
    },
    __readyResolve: [Function],
    __readyPromise: Promise { undefined },
    _timers: Set {},
    _destroyed: false,
    ownProperties: [
      '_events',        '_eventsCount',
      '_maxListeners',  'dir',
      'tmpdir',         'version',
      'env',            'manifest',
      'app',            '__readyResolve',
      '__readyPromise', '_timers',
      '_destroyed',     'ownProperties'
    ],
    apps: ManagerApps {
      _events: [Object: null prototype],
      _eventsCount: 4,
      _maxListeners: undefined,
      homey: [Circular],
      __client: [Object],
      [Symbol(kCapture)]: false
    },
    arp: ManagerArp {
      _events: [Object: null prototype],
      _eventsCount: 4,
      _maxListeners: undefined,
      homey: [Circular],
      __client: [Object],
      [Symbol(kCapture)]: false
    },
    audio: ManagerAudio {
      _events: [Object: null prototype],
      _eventsCount: 4,
      _maxListeners: undefined,
      homey: [Circular],
      __client: [Object],
      [Symbol(kCapture)]: false
    },
    ble: ManagerBLE {
      _events: [Object: null prototype],
      _eventsCount: 4,
      _maxListeners: undefined,
      homey: [Circular],
      __client: [Object],
      __advertisementsByPeripheralUUID: {},
      [Symbol(kCapture)]: false
    },
    cloud: ManagerCloud {
      _events: [Object: null prototype],
      _eventsCount: 4,
      _maxListeners: undefined,
      homey: [Circular],
      __client: [Object],
      _webhooks: {},
      _oauth2Callbacks: {},
      [Symbol(kCapture)]: false
    },
    clock: ManagerClock {
      _events: [Object: null prototype],
      _eventsCount: 4,
      _maxListeners: undefined,
      homey: [Circular],
      __client: [Object],
      _timezone: 'Europe/Amsterdam',
      [Symbol(kCapture)]: false
    },
    drivers: ManagerDrivers {
      _events: [Object: null prototype],
      _eventsCount: 4,
      _maxListeners: undefined,
      homey: [Circular],
      __client: [Object],
      _drivers: [Object],
      _pairSessions: Map {},
      [Symbol(kCapture)]: false
    },
    discovery: ManagerDiscovery {
      _events: [Object: null prototype],
      _eventsCount: 4,
      _maxListeners: undefined,
      homey: [Circular],
      __client: [Object],
      [Symbol(kCapture)]: false,
      [Symbol(strategies)]: {}
    },
    flow: ManagerFlow {
      _events: [Object: null prototype],
      _eventsCount: 4,
      _maxListeners: undefined,
      homey: [Circular],
      __client: [Object],
      _cards: [Map],
      [Symbol(kCapture)]: false
    },
    geolocation: ManagerGeolocation {
      _events: [Object: null prototype],
      _eventsCount: 4,
      _maxListeners: undefined,
      homey: [Circular],
      __client: [Object],
      _latitude: null,
      _longitude: null,
      _accuracy: null,
      _mode: null,
      [Symbol(kCapture)]: false
    },
    i18n: ManagerI18n {
      _events: [Object: null prototype],
      _eventsCount: 4,
      _maxListeners: undefined,
      homey: [Circular],
      __client: [Object],
      _language: 'nl',
      _units: 'metric',
      [Symbol(kCapture)]: false
    },
    images: ManagerImages {
      _events: [Object: null prototype],
      _eventsCount: 4,
      _maxListeners: undefined,
      homey: [Circular],
      __client: [Object],
      _images: {},
      [Symbol(kCapture)]: false
    },
    insights: ManagerInsights {
      _events: [Object: null prototype],
      _eventsCount: 4,
      _maxListeners: undefined,
      homey: [Circular],
      __client: [Object],
      [Symbol(kCapture)]: false
    },
    ledring: ManagerLedring {
      _events: [Object: null prototype],
      _eventsCount: 4,
      _maxListeners: undefined,
      homey: [Circular],
      __client: [Object],
      _animations: Map {},
      [Symbol(kCapture)]: false
    },
    nfc: ManagerNFC {
      _events: [Object: null prototype],
      _eventsCount: 4,
      _maxListeners: undefined,
      homey: [Circular],
      __client: [Object],
      [Symbol(kCapture)]: false
    },
    notifications: ManagerNotifications {
      _events: [Object: null prototype],
      _eventsCount: 4,
      _maxListeners: undefined,
      homey: [Circular],
      __client: [Object],
      [Symbol(kCapture)]: false
    },
    rf: ManagerRF {
      _events: [Object: null prototype],
      _eventsCount: 4,
      _maxListeners: undefined,
      homey: [Circular],
      __client: [Object],
      _signals: Map {},
      [Symbol(kCapture)]: false
    },
    settings: ManagerSettings {
      _events: [Object: null prototype],
      _eventsCount: 4,
      _maxListeners: undefined,
      homey: [Circular],
      __client: [Object],
      _settings: {},
      _initialized: true,
      [Symbol(kCapture)]: false
    },
    speechInput: ManagerSpeechInput {
      _events: [Object: null prototype],
      _eventsCount: 4,
      _maxListeners: undefined,
      homey: [Circular],
      __client: [Object],
      [Symbol(kCapture)]: false
    },
    speechOutput: ManagerSpeechOutput {
      _events: [Object: null prototype],
      _eventsCount: 4,
      _maxListeners: undefined,
      homey: [Circular],
      __client: [Object],
      [Symbol(kCapture)]: false
    },
    zigbee: ManagerZigBee {
      _events: [Object: null prototype],
      _eventsCount: 4,
      _maxListeners: undefined,
      homey: [Circular],
      __client: [Object],
      _nodes: [Object],
      [Symbol(kCapture)]: false
    },
    zwave: ManagerZwave {
      _events: [Object: null prototype],
      _eventsCount: 4,
      _maxListeners: undefined,
      homey: [Circular],
      __client: [Object],
      _nodes: {},
      [Symbol(kCapture)]: false
    },
    api: ManagerApi {
      _events: [Object: null prototype],
      _eventsCount: 4,
      _maxListeners: undefined,
      homey: [Circular],
      __client: [Object],
      _endpoints: undefined,
      _apis: Map {},
      [Symbol(kCapture)]: false
    },
    __strings: { 'report interval settings error': 'kon interval niet zetten' },
    __: [Function: __],
    [Symbol(kCapture)]: false
  },
  driver: Driver {
    _events: [Object: null prototype] {
      __log: [Function: bound bound log],
      __error: [Function: bound bound error],
      __debug: [Function: bound bound __debug]
    },
    _eventsCount: 3,
    _maxListeners: undefined,
    id: 'RC250',
    homey: Homey {
      _events: [Object: null prototype],
      _eventsCount: 4,
      _maxListeners: undefined,
      dir: '/',
      tmpdir: '/tmp',
      version: '7.2.1',
      env: {},
      manifest: [Object],
      app: [INNRZigbeeApp],
      __readyResolve: [Function],
      __readyPromise: [Promise],
      _timers: Set {},
      _destroyed: false,
      ownProperties: [Array],
      apps: [ManagerApps],
      arp: [ManagerArp],
      audio: [ManagerAudio],
      ble: [ManagerBLE],
      cloud: [ManagerCloud],
      clock: [ManagerClock],
      drivers: [ManagerDrivers],
      discovery: [ManagerDiscovery],
      flow: [ManagerFlow],
      geolocation: [ManagerGeolocation],
      i18n: [ManagerI18n],
      images: [ManagerImages],
      insights: [ManagerInsights],
      ledring: [ManagerLedring],
      nfc: [ManagerNFC],
      notifications: [ManagerNotifications],
      rf: [ManagerRF],
      settings: [ManagerSettings],
      speechInput: [ManagerSpeechInput],
      speechOutput: [ManagerSpeechOutput],
      zigbee: [ManagerZigBee],
      zwave: [ManagerZwave],
      api: [ManagerApi],
      __strings: [Object],
      __: [Function: __],
      [Symbol(kCapture)]: false
    },
    manifest: {
      name: [Object],
      class: 'sensor',
      capabilities: [Array],
      energy: [Object],
      platforms: [Array],
      connectivity: [Array],
      images: [Object],
      zigbee: [Object],
      settings: [],
      id: 'RC250'
    },
    [Symbol(kCapture)]: false,
    [Symbol(client)]: { emit: [AsyncFunction: emit] },
    [Symbol(devicesById)]: { '02b4e352-fc85-457a-9a4d-4ac8716871cd': [Circular] },
    [Symbol(readyPromise)]: Promise { undefined }
  },
  _debugEnabled: true,
  _pollIntervals: {},
  _clusterCapabilityConfigurations: Map {},
  _flowTriggers: {},
  zigbeedriverI18n: [Function: bound __],
  node: ZigBeeNode {
    _events: [Object: null prototype] {
      endDeviceAnnounce: [Function: bound onEndDeviceAnnounce]
    },
    _eventsCount: 1,
    _maxListeners: undefined,
    __client: { emit: [AsyncFunction: emit] },
    handleFrame: [Function: bound handleFrame] AsyncFunction,
    [Symbol(kCapture)]: false
  },
  zclNode: Node {
    _events: [Object: null prototype] {},
    _eventsCount: 0,
    _maxListeners: undefined,
    sendFrame: [AsyncFunction],
    endpoints: { '1': [Endpoint] },
    [Symbol(kCapture)]: false
  },
  [Symbol(kCapture)]: false,
  [Symbol(client)]: { emit: [AsyncFunction: emit] },
  [Symbol(readyResolve)]: [Function],
  [Symbol(readyReject)]: [Function],
  [Symbol(readyPromise)]: Promise { undefined },
  [Symbol(data)]: { token: '4a3bb26b-7601-481a-a787-259d122de2bd' },
  [Symbol(capabilityListeners)]: Map {},
  [Symbol(destroyListeners)]: [],
  [Symbol(onSettingsPending)]: false,
  [Symbol(available)]: true,
  [Symbol(unavailableMessage)]: null,
  [Symbol(name)]: 'RC 250 Remote',
  [Symbol(class)]: 'sensor',
  [Symbol(energy)]: { batteries: [ 'CR2450' ] },
  [Symbol(capabilities)]: [ 'measure_battery', 'alarm_battery' ],
  [Symbol(capabilitiesOptions)]: { measure_battery: {}, alarm_battery: {} },
  [Symbol(settings)]: { zb_product_id: 'RC 250', zb_manufacturer_name: 'innr' },
  [Symbol(state)]: { measure_battery: 100, alarm_battery: false },
  [Symbol(store)]: { configuredAttributeReporting: [ [Object] ], zb_first_init: false },
  [Symbol(availableStatusQueue)]: AsyncQueue { _current: Promise { undefined } },
  [Symbol(capabilityValueQueues)]: {}
}

